[1121/000358.408:ERROR:process_reader_win.cc(123)] NtOpenThread: {Access Denied} A process has requested access to an object, but has not been granted those access rights. (0xc0000022)
[1121/000358.434:ERROR:exception_snapshot_win.cc(88)] thread ID 17916 not found in process
<<<<<<< HEAD
[1124/192146.242:ERROR:process_reader_win.cc(123)] NtOpenThread: {Access Denied} A process has requested access to an object, but has not been granted those access rights. (0xc0000022)
[1124/192146.246:ERROR:exception_snapshot_win.cc(88)] thread ID 6828 not found in process
[1124/192146.272:ERROR:process_reader_win.cc(123)] NtOpenThread: {Access Denied} A process has requested access to an object, but has not been granted those access rights. (0xc0000022)
[1124/192146.273:ERROR:exception_snapshot_win.cc(88)] thread ID 16892 not found in process
[1124/192146.276:ERROR:process_reader_win.cc(123)] NtOpenThread: {Access Denied} A process has requested access to an object, but has not been granted those access rights. (0xc0000022)
[1124/192146.277:ERROR:exception_snapshot_win.cc(88)] thread ID 7672 not found in process
=======
[1123/043100.946:ERROR:process_reader_win.cc(123)] NtOpenThread: {Access Denied} A process has requested access to an object, but has not been granted those access rights. (0xc0000022)
[1123/043102.196:ERROR:exception_snapshot_win.cc(88)] thread ID 4108 not found in process
[1124/011941.916:ERROR:process_reader_win.cc(151)] SuspendThread: Access is denied. (0x5)
[1124/011941.917:ERROR:process_reader_win.cc(151)] SuspendThread: Access is denied. (0x5)
[1124/011942.517:ERROR:process_reader_win.cc(151)] SuspendThread: Access is denied. (0x5)
[1124/011942.517:ERROR:process_reader_win.cc(151)] SuspendThread: Access is denied. (0x5)
[1124/011942.517:ERROR:process_reader_win.cc(151)] SuspendThread: Access is denied. (0x5)
[1124/011942.517:ERROR:process_reader_win.cc(151)] SuspendThread: Access is denied. (0x5)
[1124/011942.517:ERROR:process_reader_win.cc(151)] SuspendThread: Access is denied. (0x5)
[1124/011942.517:ERROR:process_reader_win.cc(123)] NtOpenThread: {Access Denied} A process has requested access to an object, but has not been granted those access rights. (0xc0000022)
[1124/011942.554:ERROR:exception_snapshot_win.cc(88)] thread ID 18364 not found in process
[1124/193415.386:ERROR:process_reader_win.cc(123)] NtOpenThread: {Access Denied} A process has requested access to an object, but has not been granted those access rights. (0xc0000022)
[1124/193415.391:ERROR:exception_snapshot_win.cc(88)] thread ID 11880 not found in process
<<<<<<< HEAD
[1124/201227.257:ERROR:process_reader_win.cc(123)] NtOpenThread: {Access Denied} A process has requested access to an object, but has not been granted those access rights. (0xc0000022)
[1124/201227.288:ERROR:exception_snapshot_win.cc(88)] thread ID 13432 not found in process
=======
<<<<<<< HEAD
[1124/213853.374:ERROR:process_reader_win.cc(123)] NtOpenThread: {Access Denied} A process has requested access to an object, but has not been granted those access rights. (0xc0000022)
[1124/213853.376:ERROR:exception_snapshot_win.cc(88)] thread ID 15936 not found in process
=======
>>>>>>> 80ba026de8798bb7a2dc723ddcf8056ad2a4eb62
>>>>>>> a0097f09721b4a7a1002981772bfa83af6acf199
>>>>>>> 985de37214b64203737ed2860307088e82c26433
